<?xml version="1.0" encoding="UTF-8"?>
<!-- Generated by org.testng.reporters.JUnitReportReporter -->
<testsuite skipped="0" hostname="DESKTOP-IM24CK1" name="com_ActiTime_Tests.VerifyversionTest" tests="2" failures="0" timestamp="2020-12-28T08:35:31 IST" time="50.131" errors="0">
  <testcase name="verifyversion" time="20.498" classname="com_ActiTime_Tests.VerifyversionTest"/>
  <testcase name="verifyversion" time="29.633" classname="com_ActiTime_Tests.VerifyversionTest"/>
</testsuite> <!-- com_ActiTime_Tests.VerifyversionTest -->
